<?xml version="1.0" encoding="UTF-8"?>
<testsuites>
  <testsuite name="" tests="71" assertions="112" errors="0" warnings="0" failures="0" skipped="0" time="0.040385">
    <testsuite name="Project Test Suite" tests="71" assertions="112" errors="0" warnings="0" failures="0" skipped="0" time="0.040385">
      <testsuite name="App\Adventure\TestBackPack" file="/Users/kristoffer/dbwebb-kurser/mvc/me/report/tests/Adventure/BackPackTest.php" tests="4" assertions="4" errors="0" warnings="0" failures="0" skipped="0" time="0.006281">
        <testcase name="testBackPackInstance" class="App\Adventure\TestBackPack" classname="App.Adventure.TestBackPack" file="/Users/kristoffer/dbwebb-kurser/mvc/me/report/tests/Adventure/BackPackTest.php" line="12" assertions="1" time="0.004483"/>
        <testcase name="testBackPackAddItem" class="App\Adventure\TestBackPack" classname="App.Adventure.TestBackPack" file="/Users/kristoffer/dbwebb-kurser/mvc/me/report/tests/Adventure/BackPackTest.php" line="20" assertions="1" time="0.000909"/>
        <testcase name="testBackPackGetItemByName" class="App\Adventure\TestBackPack" classname="App.Adventure.TestBackPack" file="/Users/kristoffer/dbwebb-kurser/mvc/me/report/tests/Adventure/BackPackTest.php" line="32" assertions="1" time="0.000506"/>
        <testcase name="testBackPackGetItemByMissingName" class="App\Adventure\TestBackPack" classname="App.Adventure.TestBackPack" file="/Users/kristoffer/dbwebb-kurser/mvc/me/report/tests/Adventure/BackPackTest.php" line="44" assertions="1" time="0.000384"/>
      </testsuite>
      <testsuite name="App\Adventure\TestDialogHandler" file="/Users/kristoffer/dbwebb-kurser/mvc/me/report/tests/Adventure/DialogHandlerTest.php" tests="4" assertions="4" errors="0" warnings="0" failures="0" skipped="0" time="0.001276">
        <testcase name="testDialogInstance" class="App\Adventure\TestDialogHandler" classname="App.Adventure.TestDialogHandler" file="/Users/kristoffer/dbwebb-kurser/mvc/me/report/tests/Adventure/DialogHandlerTest.php" line="13" assertions="1" time="0.000457"/>
        <testcase name="testGetDialogByStatus" class="App\Adventure\TestDialogHandler" classname="App.Adventure.TestDialogHandler" file="/Users/kristoffer/dbwebb-kurser/mvc/me/report/tests/Adventure/DialogHandlerTest.php" line="21" assertions="1" time="0.000491"/>
        <testcase name="testGetCurrentItem" class="App\Adventure\TestDialogHandler" classname="App.Adventure.TestDialogHandler" file="/Users/kristoffer/dbwebb-kurser/mvc/me/report/tests/Adventure/DialogHandlerTest.php" line="33" assertions="1" time="0.000167"/>
        <testcase name="testGetCurrentRoom" class="App\Adventure\TestDialogHandler" classname="App.Adventure.TestDialogHandler" file="/Users/kristoffer/dbwebb-kurser/mvc/me/report/tests/Adventure/DialogHandlerTest.php" line="43" assertions="1" time="0.000161"/>
      </testsuite>
      <testsuite name="App\Adventure\TestDragon" file="/Users/kristoffer/dbwebb-kurser/mvc/me/report/tests/Adventure/DragonTest.php" tests="7" assertions="7" errors="0" warnings="0" failures="0" skipped="0" time="0.002096">
        <testcase name="testDragonInstance" class="App\Adventure\TestDragon" classname="App.Adventure.TestDragon" file="/Users/kristoffer/dbwebb-kurser/mvc/me/report/tests/Adventure/DragonTest.php" line="12" assertions="1" time="0.000639"/>
        <testcase name="testDragonHealth" class="App\Adventure\TestDragon" classname="App.Adventure.TestDragon" file="/Users/kristoffer/dbwebb-kurser/mvc/me/report/tests/Adventure/DragonTest.php" line="17" assertions="1" time="0.000171"/>
        <testcase name="testDragonDmg" class="App\Adventure\TestDragon" classname="App.Adventure.TestDragon" file="/Users/kristoffer/dbwebb-kurser/mvc/me/report/tests/Adventure/DragonTest.php" line="22" assertions="1" time="0.000163"/>
        <testcase name="testDragonIsDead" class="App\Adventure\TestDragon" classname="App.Adventure.TestDragon" file="/Users/kristoffer/dbwebb-kurser/mvc/me/report/tests/Adventure/DragonTest.php" line="27" assertions="1" time="0.000432"/>
        <testcase name="testDragonSetDead" class="App\Adventure\TestDragon" classname="App.Adventure.TestDragon" file="/Users/kristoffer/dbwebb-kurser/mvc/me/report/tests/Adventure/DragonTest.php" line="33" assertions="1" time="0.000372"/>
        <testcase name="testDragonGetName" class="App\Adventure\TestDragon" classname="App.Adventure.TestDragon" file="/Users/kristoffer/dbwebb-kurser/mvc/me/report/tests/Adventure/DragonTest.php" line="40" assertions="1" time="0.000161"/>
        <testcase name="testDragonGetAttackPower" class="App\Adventure\TestDragon" classname="App.Adventure.TestDragon" file="/Users/kristoffer/dbwebb-kurser/mvc/me/report/tests/Adventure/DragonTest.php" line="46" assertions="1" time="0.000159"/>
      </testsuite>
      <testsuite name="App\Adventure\TestFood" file="/Users/kristoffer/dbwebb-kurser/mvc/me/report/tests/Adventure/FoodTest.php" tests="3" assertions="3" errors="0" warnings="0" failures="0" skipped="0" time="0.000478">
        <testcase name="testFoodInstance" class="App\Adventure\TestFood" classname="App.Adventure.TestFood" file="/Users/kristoffer/dbwebb-kurser/mvc/me/report/tests/Adventure/FoodTest.php" line="12" assertions="1" time="0.000165"/>
        <testcase name="testGetFoodName" class="App\Adventure\TestFood" classname="App.Adventure.TestFood" file="/Users/kristoffer/dbwebb-kurser/mvc/me/report/tests/Adventure/FoodTest.php" line="18" assertions="1" time="0.000157"/>
        <testcase name="testFoodHelingValue" class="App\Adventure\TestFood" classname="App.Adventure.TestFood" file="/Users/kristoffer/dbwebb-kurser/mvc/me/report/tests/Adventure/FoodTest.php" line="23" assertions="1" time="0.000156"/>
      </testsuite>
      <testsuite name="App\Adventure\TestHuman" file="/Users/kristoffer/dbwebb-kurser/mvc/me/report/tests/Adventure/HumanTest.php" tests="11" assertions="12" errors="0" warnings="0" failures="0" skipped="0" time="0.003189">
        <testcase name="testHumanInstance" class="App\Adventure\TestHuman" classname="App.Adventure.TestHuman" file="/Users/kristoffer/dbwebb-kurser/mvc/me/report/tests/Adventure/HumanTest.php" line="13" assertions="1" time="0.000672"/>
        <testcase name="testHumanEquipBackPack" class="App\Adventure\TestHuman" classname="App.Adventure.TestHuman" file="/Users/kristoffer/dbwebb-kurser/mvc/me/report/tests/Adventure/HumanTest.php" line="21" assertions="1" time="0.000192"/>
        <testcase name="testAddItemToBackPack" class="App\Adventure\TestHuman" classname="App.Adventure.TestHuman" file="/Users/kristoffer/dbwebb-kurser/mvc/me/report/tests/Adventure/HumanTest.php" line="30" assertions="1" time="0.000182"/>
        <testcase name="testAddItemToBackPackFalse" class="App\Adventure\TestHuman" classname="App.Adventure.TestHuman" file="/Users/kristoffer/dbwebb-kurser/mvc/me/report/tests/Adventure/HumanTest.php" line="43" assertions="1" time="0.000169"/>
        <testcase name="testGetitemsInBag" class="App\Adventure\TestHuman" classname="App.Adventure.TestHuman" file="/Users/kristoffer/dbwebb-kurser/mvc/me/report/tests/Adventure/HumanTest.php" line="54" assertions="1" time="0.000452"/>
        <testcase name="testGetitemsInBagEmpty" class="App\Adventure\TestHuman" classname="App.Adventure.TestHuman" file="/Users/kristoffer/dbwebb-kurser/mvc/me/report/tests/Adventure/HumanTest.php" line="69" assertions="1" time="0.000186"/>
        <testcase name="testHumanAttackWithWeapon" class="App\Adventure\TestHuman" classname="App.Adventure.TestHuman" file="/Users/kristoffer/dbwebb-kurser/mvc/me/report/tests/Adventure/HumanTest.php" line="80" assertions="1" time="0.000181"/>
        <testcase name="testHumanEatFood" class="App\Adventure\TestHuman" classname="App.Adventure.TestHuman" file="/Users/kristoffer/dbwebb-kurser/mvc/me/report/tests/Adventure/HumanTest.php" line="90" assertions="1" time="0.000190"/>
        <testcase name="testgetWeaponName" class="App\Adventure\TestHuman" classname="App.Adventure.TestHuman" file="/Users/kristoffer/dbwebb-kurser/mvc/me/report/tests/Adventure/HumanTest.php" line="103" assertions="1" time="0.000173"/>
        <testcase name="testgetItemByName" class="App\Adventure\TestHuman" classname="App.Adventure.TestHuman" file="/Users/kristoffer/dbwebb-kurser/mvc/me/report/tests/Adventure/HumanTest.php" line="114" assertions="2" time="0.000194"/>
        <testcase name="testgetItemByNameException" class="App\Adventure\TestHuman" classname="App.Adventure.TestHuman" file="/Users/kristoffer/dbwebb-kurser/mvc/me/report/tests/Adventure/HumanTest.php" line="130" assertions="1" time="0.000599"/>
      </testsuite>
      <testsuite name="App\Adventure\TestItem" file="/Users/kristoffer/dbwebb-kurser/mvc/me/report/tests/Adventure/ItemTest.php" tests="2" assertions="2" errors="0" warnings="0" failures="0" skipped="0" time="0.000334">
        <testcase name="testCreateInstance" class="App\Adventure\TestItem" classname="App.Adventure.TestItem" file="/Users/kristoffer/dbwebb-kurser/mvc/me/report/tests/Adventure/ItemTest.php" line="12" assertions="1" time="0.000171"/>
        <testcase name="testGetNameTitleCase" class="App\Adventure\TestItem" classname="App.Adventure.TestItem" file="/Users/kristoffer/dbwebb-kurser/mvc/me/report/tests/Adventure/ItemTest.php" line="22" assertions="1" time="0.000163"/>
      </testsuite>
      <testsuite name="App\Adventure\TestRoomHandler" file="/Users/kristoffer/dbwebb-kurser/mvc/me/report/tests/Adventure/RoomHandlerTest.php" tests="10" assertions="10" errors="0" warnings="0" failures="0" skipped="0" time="0.002668">
        <testcase name="testInstanceOf" class="App\Adventure\TestRoomHandler" classname="App.Adventure.TestRoomHandler" file="/Users/kristoffer/dbwebb-kurser/mvc/me/report/tests/Adventure/RoomHandlerTest.php" line="13" assertions="1" time="0.000686"/>
        <testcase name="testGetAllRooms" class="App\Adventure\TestRoomHandler" classname="App.Adventure.TestRoomHandler" file="/Users/kristoffer/dbwebb-kurser/mvc/me/report/tests/Adventure/RoomHandlerTest.php" line="21" assertions="1" time="0.000548"/>
        <testcase name="testGetRoomByName" class="App\Adventure\TestRoomHandler" classname="App.Adventure.TestRoomHandler" file="/Users/kristoffer/dbwebb-kurser/mvc/me/report/tests/Adventure/RoomHandlerTest.php" line="64" assertions="1" time="0.000183"/>
        <testcase name="testGetRoomByNameException" class="App\Adventure\TestRoomHandler" classname="App.Adventure.TestRoomHandler" file="/Users/kristoffer/dbwebb-kurser/mvc/me/report/tests/Adventure/RoomHandlerTest.php" line="79" assertions="1" time="0.000176"/>
        <testcase name="testGetNext" class="App\Adventure\TestRoomHandler" classname="App.Adventure.TestRoomHandler" file="/Users/kristoffer/dbwebb-kurser/mvc/me/report/tests/Adventure/RoomHandlerTest.php" line="89" assertions="1" time="0.000193"/>
        <testcase name="testGetPrevFirst" class="App\Adventure\TestRoomHandler" classname="App.Adventure.TestRoomHandler" file="/Users/kristoffer/dbwebb-kurser/mvc/me/report/tests/Adventure/RoomHandlerTest.php" line="112" assertions="1" time="0.000184"/>
        <testcase name="testGetPrevNotFirst" class="App\Adventure\TestRoomHandler" classname="App.Adventure.TestRoomHandler" file="/Users/kristoffer/dbwebb-kurser/mvc/me/report/tests/Adventure/RoomHandlerTest.php" line="134" assertions="1" time="0.000180"/>
        <testcase name="testGetNextWhenLast" class="App\Adventure\TestRoomHandler" classname="App.Adventure.TestRoomHandler" file="/Users/kristoffer/dbwebb-kurser/mvc/me/report/tests/Adventure/RoomHandlerTest.php" line="156" assertions="1" time="0.000178"/>
        <testcase name="testAddItemToRoom" class="App\Adventure\TestRoomHandler" classname="App.Adventure.TestRoomHandler" file="/Users/kristoffer/dbwebb-kurser/mvc/me/report/tests/Adventure/RoomHandlerTest.php" line="178" assertions="1" time="0.000167"/>
        <testcase name="testAddItemToRoomNotExist" class="App\Adventure\TestRoomHandler" classname="App.Adventure.TestRoomHandler" file="/Users/kristoffer/dbwebb-kurser/mvc/me/report/tests/Adventure/RoomHandlerTest.php" line="196" assertions="1" time="0.000173"/>
      </testsuite>
      <testsuite name="App\Adventure\RoomTest" file="/Users/kristoffer/dbwebb-kurser/mvc/me/report/tests/Adventure/RoomTest.php" tests="3" assertions="3" errors="0" warnings="0" failures="0" skipped="0" time="0.000462">
        <testcase name="testCreateInstance" class="App\Adventure\RoomTest" classname="App.Adventure.RoomTest" file="/Users/kristoffer/dbwebb-kurser/mvc/me/report/tests/Adventure/RoomTest.php" line="12" assertions="1" time="0.000154"/>
        <testcase name="testGetRoomImg" class="App\Adventure\RoomTest" classname="App.Adventure.RoomTest" file="/Users/kristoffer/dbwebb-kurser/mvc/me/report/tests/Adventure/RoomTest.php" line="22" assertions="1" time="0.000152"/>
        <testcase name="testAddGetItems" class="App\Adventure\RoomTest" classname="App.Adventure.RoomTest" file="/Users/kristoffer/dbwebb-kurser/mvc/me/report/tests/Adventure/RoomTest.php" line="32" assertions="1" time="0.000157"/>
      </testsuite>
      <testsuite name="App\Adventure\TestWeapon" file="/Users/kristoffer/dbwebb-kurser/mvc/me/report/tests/Adventure/WeaponTest.php" tests="3" assertions="3" errors="0" warnings="0" failures="0" skipped="0" time="0.000456">
        <testcase name="testWeaponInstance" class="App\Adventure\TestWeapon" classname="App.Adventure.TestWeapon" file="/Users/kristoffer/dbwebb-kurser/mvc/me/report/tests/Adventure/WeaponTest.php" line="12" assertions="1" time="0.000154"/>
        <testcase name="testGetWeaponDmg" class="App\Adventure\TestWeapon" classname="App.Adventure.TestWeapon" file="/Users/kristoffer/dbwebb-kurser/mvc/me/report/tests/Adventure/WeaponTest.php" line="21" assertions="1" time="0.000151"/>
        <testcase name="testWeaponIcon" class="App\Adventure\TestWeapon" classname="App.Adventure.TestWeapon" file="/Users/kristoffer/dbwebb-kurser/mvc/me/report/tests/Adventure/WeaponTest.php" line="31" assertions="1" time="0.000151"/>
      </testsuite>
      <testsuite name="App\Game\CardGraphicTestTest" file="/Users/kristoffer/dbwebb-kurser/mvc/me/report/tests/Card/CardGraphicTest.php" tests="1" assertions="10" errors="0" warnings="0" failures="0" skipped="0" time="0.001544">
        <testcase name="testCreateCardGraphic" class="App\Game\CardGraphicTestTest" classname="App.Game.CardGraphicTestTest" file="/Users/kristoffer/dbwebb-kurser/mvc/me/report/tests/Card/CardGraphicTest.php" line="17" assertions="10" time="0.001544"/>
      </testsuite>
      <testsuite name="App\Card\CardHandTest" file="/Users/kristoffer/dbwebb-kurser/mvc/me/report/tests/Card/CardHandTest.php" tests="1" assertions="3" errors="0" warnings="0" failures="0" skipped="0" time="0.009837">
        <testcase name="testCreateHand" class="App\Card\CardHandTest" classname="App.Card.CardHandTest" file="/Users/kristoffer/dbwebb-kurser/mvc/me/report/tests/Card/CardHandTest.php" line="15" assertions="3" time="0.009837"/>
      </testsuite>
      <testsuite name="App\Card\CardTest" file="/Users/kristoffer/dbwebb-kurser/mvc/me/report/tests/Card/CardTest.php" tests="2" assertions="6" errors="0" warnings="0" failures="0" skipped="0" time="0.001038">
        <testcase name="testCreateCardValidArgs" class="App\Card\CardTest" classname="App.Card.CardTest" file="/Users/kristoffer/dbwebb-kurser/mvc/me/report/tests/Card/CardTest.php" line="17" assertions="5" time="0.000198"/>
        <testcase name="testCreateCardInvalidArgs" class="App\Card\CardTest" classname="App.Card.CardTest" file="/Users/kristoffer/dbwebb-kurser/mvc/me/report/tests/Card/CardTest.php" line="28" assertions="1" time="0.000840"/>
      </testsuite>
      <testsuite name="App\Card\DeckOfCardsTest" file="/Users/kristoffer/dbwebb-kurser/mvc/me/report/tests/Card/DeckOfCardsTest.php" tests="2" assertions="8" errors="0" warnings="0" failures="0" skipped="0" time="0.001593">
        <testcase name="testCreateDeck" class="App\Card\DeckOfCardsTest" classname="App.Card.DeckOfCardsTest" file="/Users/kristoffer/dbwebb-kurser/mvc/me/report/tests/Card/DeckOfCardsTest.php" line="15" assertions="5" time="0.001025"/>
        <testcase name="testGetArrayOfCardsPresentation" class="App\Card\DeckOfCardsTest" classname="App.Card.DeckOfCardsTest" file="/Users/kristoffer/dbwebb-kurser/mvc/me/report/tests/Card/DeckOfCardsTest.php" line="35" assertions="3" time="0.000568"/>
      </testsuite>
      <testsuite name="App\Dice\DiceGraphicTest" file="/Users/kristoffer/dbwebb-kurser/mvc/me/report/tests/Dice/DiceGraphicTest.php" tests="2" assertions="2" errors="0" warnings="0" failures="0" skipped="0" time="0.000879">
        <testcase name="testDiceGraphicConstructor" class="App\Dice\DiceGraphicTest" classname="App.Dice.DiceGraphicTest" file="/Users/kristoffer/dbwebb-kurser/mvc/me/report/tests/Dice/DiceGraphicTest.php" line="14" assertions="1" time="0.000694"/>
        <testcase name="testGetAsString" class="App\Dice\DiceGraphicTest" classname="App.Dice.DiceGraphicTest" file="/Users/kristoffer/dbwebb-kurser/mvc/me/report/tests/Dice/DiceGraphicTest.php" line="26" assertions="1" time="0.000185"/>
      </testsuite>
      <testsuite name="App\Dice\DiceHandTest" file="/Users/kristoffer/dbwebb-kurser/mvc/me/report/tests/Dice/DiceHandTest.php" tests="2" assertions="4" errors="0" warnings="0" failures="0" skipped="0" time="0.000655">
        <testcase name="testDiceHandConstructor" class="App\Dice\DiceHandTest" classname="App.Dice.DiceHandTest" file="/Users/kristoffer/dbwebb-kurser/mvc/me/report/tests/Dice/DiceHandTest.php" line="14" assertions="1" time="0.000456"/>
        <testcase name="testDiceHandValues" class="App\Dice\DiceHandTest" classname="App.Dice.DiceHandTest" file="/Users/kristoffer/dbwebb-kurser/mvc/me/report/tests/Dice/DiceHandTest.php" line="28" assertions="3" time="0.000199"/>
      </testsuite>
      <testsuite name="App\Dice\DiceTest" file="/Users/kristoffer/dbwebb-kurser/mvc/me/report/tests/Dice/DiceTest.php" tests="2" assertions="3" errors="0" warnings="0" failures="0" skipped="0" time="0.001315">
        <testcase name="testCreateDice" class="App\Dice\DiceTest" classname="App.Dice.DiceTest" file="/Users/kristoffer/dbwebb-kurser/mvc/me/report/tests/Dice/DiceTest.php" line="16" assertions="2" time="0.001148"/>
        <testcase name="testRoll" class="App\Dice\DiceTest" classname="App.Dice.DiceTest" file="/Users/kristoffer/dbwebb-kurser/mvc/me/report/tests/Dice/DiceTest.php" line="25" assertions="1" time="0.000167"/>
      </testsuite>
      <testsuite name="App\Game\BankTest" file="/Users/kristoffer/dbwebb-kurser/mvc/me/report/tests/Game/BankTest.php" tests="2" assertions="6" errors="0" warnings="0" failures="0" skipped="0" time="0.002467">
        <testcase name="testCreateObjectNoArgs" class="App\Game\BankTest" classname="App.Game.BankTest" file="/Users/kristoffer/dbwebb-kurser/mvc/me/report/tests/Game/BankTest.php" line="19" assertions="4" time="0.000972"/>
        <testcase name="testBankDrawCard" class="App\Game\BankTest" classname="App.Game.BankTest" file="/Users/kristoffer/dbwebb-kurser/mvc/me/report/tests/Game/BankTest.php" line="38" assertions="2" time="0.001496"/>
      </testsuite>
      <testsuite name="App\Game\GameMasterTest" file="/Users/kristoffer/dbwebb-kurser/mvc/me/report/tests/Game/GameMasterTest.php" tests="4" assertions="12" errors="0" warnings="0" failures="0" skipped="0" time="0.002481">
        <testcase name="testCreateGameMaster" class="App\Game\GameMasterTest" classname="App.Game.GameMasterTest" file="/Users/kristoffer/dbwebb-kurser/mvc/me/report/tests/Game/GameMasterTest.php" line="19" assertions="5" time="0.001443"/>
        <testcase name="testGameMasterQueue" class="App\Game\GameMasterTest" classname="App.Game.GameMasterTest" file="/Users/kristoffer/dbwebb-kurser/mvc/me/report/tests/Game/GameMasterTest.php" line="38" assertions="3" time="0.000285"/>
        <testcase name="testGameMasterWinnerMultipayer" class="App\Game\GameMasterTest" classname="App.Game.GameMasterTest" file="/Users/kristoffer/dbwebb-kurser/mvc/me/report/tests/Game/GameMasterTest.php" line="53" assertions="3" time="0.000473"/>
        <testcase name="testGameWasterWinnerSingleplayer" class="App\Game\GameMasterTest" classname="App.Game.GameMasterTest" file="/Users/kristoffer/dbwebb-kurser/mvc/me/report/tests/Game/GameMasterTest.php" line="80" assertions="1" time="0.000279"/>
      </testsuite>
      <testsuite name="App\Game\PlayerTest" file="/Users/kristoffer/dbwebb-kurser/mvc/me/report/tests/Game/PlayerTest.php" tests="6" assertions="10" errors="0" warnings="0" failures="0" skipped="0" time="0.001335">
        <testcase name="testCreatePlayerNoArgs" class="App\Game\PlayerTest" classname="App.Game.PlayerTest" file="/Users/kristoffer/dbwebb-kurser/mvc/me/report/tests/Game/PlayerTest.php" line="19" assertions="4" time="0.000184"/>
        <testcase name="testPlayerSetStop" class="App\Game\PlayerTest" classname="App.Game.PlayerTest" file="/Users/kristoffer/dbwebb-kurser/mvc/me/report/tests/Game/PlayerTest.php" line="40" assertions="1" time="0.000168"/>
        <testcase name="testPlayerPointsIsInt" class="App\Game\PlayerTest" classname="App.Game.PlayerTest" file="/Users/kristoffer/dbwebb-kurser/mvc/me/report/tests/Game/PlayerTest.php" line="53" assertions="1" time="0.000167"/>
        <testcase name="testPlayerDrawAddCard" class="App\Game\PlayerTest" classname="App.Game.PlayerTest" file="/Users/kristoffer/dbwebb-kurser/mvc/me/report/tests/Game/PlayerTest.php" line="63" assertions="2" time="0.000310"/>
        <testcase name="testShowSymbolsInHand" class="App\Game\PlayerTest" classname="App.Game.PlayerTest" file="/Users/kristoffer/dbwebb-kurser/mvc/me/report/tests/Game/PlayerTest.php" line="85" assertions="1" time="0.000235"/>
        <testcase name="testPlayerRepresentation" class="App\Game\PlayerTest" classname="App.Game.PlayerTest" file="/Users/kristoffer/dbwebb-kurser/mvc/me/report/tests/Game/PlayerTest.php" line="99" assertions="1" time="0.000272"/>
      </testsuite>
    </testsuite>
  </testsuite>
</testsuites>
