<?xml version="1.0" encoding="UTF-8"?>
<testsuites>
  <testsuite name="" tests="22" assertions="22" errors="0" warnings="0" failures="0" skipped="0" time="0.011680">
    <testsuite name="Project Test Suite" tests="22" assertions="22" errors="0" warnings="0" failures="0" skipped="0" time="0.011680">
      <testsuite name="App\Adventure\TestBackPack" file="/Users/kristoffer/dbwebb-kurser/mvc/me/report/tests/Adventure/BackPackTest.php" tests="4" assertions="4" errors="0" warnings="0" failures="0" skipped="0" time="0.006446">
        <testcase name="testBackPackInstance" class="App\Adventure\TestBackPack" classname="App.Adventure.TestBackPack" file="/Users/kristoffer/dbwebb-kurser/mvc/me/report/tests/Adventure/BackPackTest.php" line="12" assertions="1" time="0.004539"/>
        <testcase name="testBackPackAddItem" class="App\Adventure\TestBackPack" classname="App.Adventure.TestBackPack" file="/Users/kristoffer/dbwebb-kurser/mvc/me/report/tests/Adventure/BackPackTest.php" line="20" assertions="1" time="0.001002"/>
        <testcase name="testBackPackGetItemByName" class="App\Adventure\TestBackPack" classname="App.Adventure.TestBackPack" file="/Users/kristoffer/dbwebb-kurser/mvc/me/report/tests/Adventure/BackPackTest.php" line="32" assertions="1" time="0.000516"/>
        <testcase name="testBackPackGetItemByMissingName" class="App\Adventure\TestBackPack" classname="App.Adventure.TestBackPack" file="/Users/kristoffer/dbwebb-kurser/mvc/me/report/tests/Adventure/BackPackTest.php" line="44" assertions="1" time="0.000388"/>
      </testsuite>
      <testsuite name="App\Adventure\TestDragon" file="/Users/kristoffer/dbwebb-kurser/mvc/me/report/tests/Adventure/DragonTest.php" tests="7" assertions="7" errors="0" warnings="0" failures="0" skipped="0" time="0.002421">
        <testcase name="testDragonInstance" class="App\Adventure\TestDragon" classname="App.Adventure.TestDragon" file="/Users/kristoffer/dbwebb-kurser/mvc/me/report/tests/Adventure/DragonTest.php" line="12" assertions="1" time="0.000948"/>
        <testcase name="testDragonHealth" class="App\Adventure\TestDragon" classname="App.Adventure.TestDragon" file="/Users/kristoffer/dbwebb-kurser/mvc/me/report/tests/Adventure/DragonTest.php" line="17" assertions="1" time="0.000173"/>
        <testcase name="testDragonDmg" class="App\Adventure\TestDragon" classname="App.Adventure.TestDragon" file="/Users/kristoffer/dbwebb-kurser/mvc/me/report/tests/Adventure/DragonTest.php" line="22" assertions="1" time="0.000166"/>
        <testcase name="testDragonIsDead" class="App\Adventure\TestDragon" classname="App.Adventure.TestDragon" file="/Users/kristoffer/dbwebb-kurser/mvc/me/report/tests/Adventure/DragonTest.php" line="27" assertions="1" time="0.000433"/>
        <testcase name="testDragonSetDead" class="App\Adventure\TestDragon" classname="App.Adventure.TestDragon" file="/Users/kristoffer/dbwebb-kurser/mvc/me/report/tests/Adventure/DragonTest.php" line="33" assertions="1" time="0.000376"/>
        <testcase name="testDragonGetName" class="App\Adventure\TestDragon" classname="App.Adventure.TestDragon" file="/Users/kristoffer/dbwebb-kurser/mvc/me/report/tests/Adventure/DragonTest.php" line="40" assertions="1" time="0.000168"/>
        <testcase name="testDragonGetAttackPower" class="App\Adventure\TestDragon" classname="App.Adventure.TestDragon" file="/Users/kristoffer/dbwebb-kurser/mvc/me/report/tests/Adventure/DragonTest.php" line="46" assertions="1" time="0.000157"/>
      </testsuite>
      <testsuite name="App\Adventure\TestFood" file="/Users/kristoffer/dbwebb-kurser/mvc/me/report/tests/Adventure/FoodTest.php" tests="3" assertions="3" errors="0" warnings="0" failures="0" skipped="0" time="0.000814">
        <testcase name="testFoodInstance" class="App\Adventure\TestFood" classname="App.Adventure.TestFood" file="/Users/kristoffer/dbwebb-kurser/mvc/me/report/tests/Adventure/FoodTest.php" line="12" assertions="1" time="0.000178"/>
        <testcase name="testGetFoodName" class="App\Adventure\TestFood" classname="App.Adventure.TestFood" file="/Users/kristoffer/dbwebb-kurser/mvc/me/report/tests/Adventure/FoodTest.php" line="18" assertions="1" time="0.000472"/>
        <testcase name="testFoodHelingValue" class="App\Adventure\TestFood" classname="App.Adventure.TestFood" file="/Users/kristoffer/dbwebb-kurser/mvc/me/report/tests/Adventure/FoodTest.php" line="23" assertions="1" time="0.000164"/>
      </testsuite>
      <testsuite name="App\Adventure\TestHuman" file="/Users/kristoffer/dbwebb-kurser/mvc/me/report/tests/Adventure/HumanTest.php" tests="6" assertions="6" errors="0" warnings="0" failures="0" skipped="0" time="0.001680">
        <testcase name="testHumanInstance" class="App\Adventure\TestHuman" classname="App.Adventure.TestHuman" file="/Users/kristoffer/dbwebb-kurser/mvc/me/report/tests/Adventure/HumanTest.php" line="13" assertions="1" time="0.000590"/>
        <testcase name="testHumanEquipBackPack" class="App\Adventure\TestHuman" classname="App.Adventure.TestHuman" file="/Users/kristoffer/dbwebb-kurser/mvc/me/report/tests/Adventure/HumanTest.php" line="21" assertions="1" time="0.000177"/>
        <testcase name="testGetitemsInBag" class="App\Adventure\TestHuman" classname="App.Adventure.TestHuman" file="/Users/kristoffer/dbwebb-kurser/mvc/me/report/tests/Adventure/HumanTest.php" line="30" assertions="1" time="0.000377"/>
        <testcase name="testGetitemsInBagEmpty" class="App\Adventure\TestHuman" classname="App.Adventure.TestHuman" file="/Users/kristoffer/dbwebb-kurser/mvc/me/report/tests/Adventure/HumanTest.php" line="45" assertions="1" time="0.000181"/>
        <testcase name="testHumanAttackWithWeapon" class="App\Adventure\TestHuman" classname="App.Adventure.TestHuman" file="/Users/kristoffer/dbwebb-kurser/mvc/me/report/tests/Adventure/HumanTest.php" line="56" assertions="1" time="0.000179"/>
        <testcase name="testHumanEatFood" class="App\Adventure\TestHuman" classname="App.Adventure.TestHuman" file="/Users/kristoffer/dbwebb-kurser/mvc/me/report/tests/Adventure/HumanTest.php" line="66" assertions="1" time="0.000176"/>
      </testsuite>
      <testsuite name="App\Adventure\TestWeapon" file="/Users/kristoffer/dbwebb-kurser/mvc/me/report/tests/Adventure/WeaponTest.php" tests="2" assertions="2" errors="0" warnings="0" failures="0" skipped="0" time="0.000319">
        <testcase name="testWeaponInstance" class="App\Adventure\TestWeapon" classname="App.Adventure.TestWeapon" file="/Users/kristoffer/dbwebb-kurser/mvc/me/report/tests/Adventure/WeaponTest.php" line="12" assertions="1" time="0.000163"/>
        <testcase name="testGetWeaponDmg" class="App\Adventure\TestWeapon" classname="App.Adventure.TestWeapon" file="/Users/kristoffer/dbwebb-kurser/mvc/me/report/tests/Adventure/WeaponTest.php" line="18" assertions="1" time="0.000157"/>
      </testsuite>
    </testsuite>
  </testsuite>
</testsuites>
