<?xml version="1.0" encoding="UTF-8"?>
<testsuites>
  <testsuite name="" tests="39" assertions="39" errors="0" warnings="0" failures="0" skipped="0" time="0.017443">
    <testsuite name="Project Test Suite" tests="39" assertions="39" errors="0" warnings="0" failures="0" skipped="0" time="0.017443">
      <testsuite name="App\Adventure\TestBackPack" file="/Users/kristoffer/dbwebb-kurser/mvc/me/report/tests/Adventure/BackPackTest.php" tests="4" assertions="4" errors="0" warnings="0" failures="0" skipped="0" time="0.006951">
        <testcase name="testBackPackInstance" class="App\Adventure\TestBackPack" classname="App.Adventure.TestBackPack" file="/Users/kristoffer/dbwebb-kurser/mvc/me/report/tests/Adventure/BackPackTest.php" line="12" assertions="1" time="0.004765"/>
        <testcase name="testBackPackAddItem" class="App\Adventure\TestBackPack" classname="App.Adventure.TestBackPack" file="/Users/kristoffer/dbwebb-kurser/mvc/me/report/tests/Adventure/BackPackTest.php" line="20" assertions="1" time="0.001301"/>
        <testcase name="testBackPackGetItemByName" class="App\Adventure\TestBackPack" classname="App.Adventure.TestBackPack" file="/Users/kristoffer/dbwebb-kurser/mvc/me/report/tests/Adventure/BackPackTest.php" line="32" assertions="1" time="0.000507"/>
        <testcase name="testBackPackGetItemByMissingName" class="App\Adventure\TestBackPack" classname="App.Adventure.TestBackPack" file="/Users/kristoffer/dbwebb-kurser/mvc/me/report/tests/Adventure/BackPackTest.php" line="44" assertions="1" time="0.000379"/>
      </testsuite>
      <testsuite name="App\Adventure\TestDragon" file="/Users/kristoffer/dbwebb-kurser/mvc/me/report/tests/Adventure/DragonTest.php" tests="7" assertions="7" errors="0" warnings="0" failures="0" skipped="0" time="0.002457">
        <testcase name="testDragonInstance" class="App\Adventure\TestDragon" classname="App.Adventure.TestDragon" file="/Users/kristoffer/dbwebb-kurser/mvc/me/report/tests/Adventure/DragonTest.php" line="12" assertions="1" time="0.001007"/>
        <testcase name="testDragonHealth" class="App\Adventure\TestDragon" classname="App.Adventure.TestDragon" file="/Users/kristoffer/dbwebb-kurser/mvc/me/report/tests/Adventure/DragonTest.php" line="17" assertions="1" time="0.000175"/>
        <testcase name="testDragonDmg" class="App\Adventure\TestDragon" classname="App.Adventure.TestDragon" file="/Users/kristoffer/dbwebb-kurser/mvc/me/report/tests/Adventure/DragonTest.php" line="22" assertions="1" time="0.000165"/>
        <testcase name="testDragonIsDead" class="App\Adventure\TestDragon" classname="App.Adventure.TestDragon" file="/Users/kristoffer/dbwebb-kurser/mvc/me/report/tests/Adventure/DragonTest.php" line="27" assertions="1" time="0.000425"/>
        <testcase name="testDragonSetDead" class="App\Adventure\TestDragon" classname="App.Adventure.TestDragon" file="/Users/kristoffer/dbwebb-kurser/mvc/me/report/tests/Adventure/DragonTest.php" line="33" assertions="1" time="0.000368"/>
        <testcase name="testDragonGetName" class="App\Adventure\TestDragon" classname="App.Adventure.TestDragon" file="/Users/kristoffer/dbwebb-kurser/mvc/me/report/tests/Adventure/DragonTest.php" line="40" assertions="1" time="0.000159"/>
        <testcase name="testDragonGetAttackPower" class="App\Adventure\TestDragon" classname="App.Adventure.TestDragon" file="/Users/kristoffer/dbwebb-kurser/mvc/me/report/tests/Adventure/DragonTest.php" line="46" assertions="1" time="0.000156"/>
      </testsuite>
      <testsuite name="App\Adventure\TestFood" file="/Users/kristoffer/dbwebb-kurser/mvc/me/report/tests/Adventure/FoodTest.php" tests="3" assertions="3" errors="0" warnings="0" failures="0" skipped="0" time="0.000808">
        <testcase name="testFoodInstance" class="App\Adventure\TestFood" classname="App.Adventure.TestFood" file="/Users/kristoffer/dbwebb-kurser/mvc/me/report/tests/Adventure/FoodTest.php" line="12" assertions="1" time="0.000162"/>
        <testcase name="testGetFoodName" class="App\Adventure\TestFood" classname="App.Adventure.TestFood" file="/Users/kristoffer/dbwebb-kurser/mvc/me/report/tests/Adventure/FoodTest.php" line="18" assertions="1" time="0.000464"/>
        <testcase name="testFoodHelingValue" class="App\Adventure\TestFood" classname="App.Adventure.TestFood" file="/Users/kristoffer/dbwebb-kurser/mvc/me/report/tests/Adventure/FoodTest.php" line="23" assertions="1" time="0.000183"/>
      </testsuite>
      <testsuite name="App\Adventure\TestHuman" file="/Users/kristoffer/dbwebb-kurser/mvc/me/report/tests/Adventure/HumanTest.php" tests="9" assertions="9" errors="0" warnings="0" failures="0" skipped="0" time="0.002718">
        <testcase name="testHumanInstance" class="App\Adventure\TestHuman" classname="App.Adventure.TestHuman" file="/Users/kristoffer/dbwebb-kurser/mvc/me/report/tests/Adventure/HumanTest.php" line="13" assertions="1" time="0.000763"/>
        <testcase name="testHumanEquipBackPack" class="App\Adventure\TestHuman" classname="App.Adventure.TestHuman" file="/Users/kristoffer/dbwebb-kurser/mvc/me/report/tests/Adventure/HumanTest.php" line="21" assertions="1" time="0.000184"/>
        <testcase name="testAddItemToBackPack" class="App\Adventure\TestHuman" classname="App.Adventure.TestHuman" file="/Users/kristoffer/dbwebb-kurser/mvc/me/report/tests/Adventure/HumanTest.php" line="30" assertions="1" time="0.000180"/>
        <testcase name="testAddItemToBackPackFalse" class="App\Adventure\TestHuman" classname="App.Adventure.TestHuman" file="/Users/kristoffer/dbwebb-kurser/mvc/me/report/tests/Adventure/HumanTest.php" line="43" assertions="1" time="0.000175"/>
        <testcase name="testGetitemsInBag" class="App\Adventure\TestHuman" classname="App.Adventure.TestHuman" file="/Users/kristoffer/dbwebb-kurser/mvc/me/report/tests/Adventure/HumanTest.php" line="54" assertions="1" time="0.000711"/>
        <testcase name="testGetitemsInBagEmpty" class="App\Adventure\TestHuman" classname="App.Adventure.TestHuman" file="/Users/kristoffer/dbwebb-kurser/mvc/me/report/tests/Adventure/HumanTest.php" line="69" assertions="1" time="0.000183"/>
        <testcase name="testHumanAttackWithWeapon" class="App\Adventure\TestHuman" classname="App.Adventure.TestHuman" file="/Users/kristoffer/dbwebb-kurser/mvc/me/report/tests/Adventure/HumanTest.php" line="80" assertions="1" time="0.000180"/>
        <testcase name="testHumanEatFood" class="App\Adventure\TestHuman" classname="App.Adventure.TestHuman" file="/Users/kristoffer/dbwebb-kurser/mvc/me/report/tests/Adventure/HumanTest.php" line="90" assertions="1" time="0.000173"/>
        <testcase name="testgetWeaponName" class="App\Adventure\TestHuman" classname="App.Adventure.TestHuman" file="/Users/kristoffer/dbwebb-kurser/mvc/me/report/tests/Adventure/HumanTest.php" line="100" assertions="1" time="0.000171"/>
      </testsuite>
      <testsuite name="App\Adventure\TestItem" file="/Users/kristoffer/dbwebb-kurser/mvc/me/report/tests/Adventure/ItemTest.php" tests="2" assertions="2" errors="0" warnings="0" failures="0" skipped="0" time="0.000316">
        <testcase name="testCreateInstance" class="App\Adventure\TestItem" classname="App.Adventure.TestItem" file="/Users/kristoffer/dbwebb-kurser/mvc/me/report/tests/Adventure/ItemTest.php" line="12" assertions="1" time="0.000157"/>
        <testcase name="testGetNameTitleCase" class="App\Adventure\TestItem" classname="App.Adventure.TestItem" file="/Users/kristoffer/dbwebb-kurser/mvc/me/report/tests/Adventure/ItemTest.php" line="22" assertions="1" time="0.000158"/>
      </testsuite>
      <testsuite name="App\Adventure\TestRoomHandler" file="/Users/kristoffer/dbwebb-kurser/mvc/me/report/tests/Adventure/RoomHandlerTest.php" tests="8" assertions="8" errors="0" warnings="0" failures="0" skipped="0" time="0.003201">
        <testcase name="testInstanceOf" class="App\Adventure\TestRoomHandler" classname="App.Adventure.TestRoomHandler" file="/Users/kristoffer/dbwebb-kurser/mvc/me/report/tests/Adventure/RoomHandlerTest.php" line="13" assertions="1" time="0.000989"/>
        <testcase name="testGetAllRooms" class="App\Adventure\TestRoomHandler" classname="App.Adventure.TestRoomHandler" file="/Users/kristoffer/dbwebb-kurser/mvc/me/report/tests/Adventure/RoomHandlerTest.php" line="21" assertions="1" time="0.000784"/>
        <testcase name="testGetRoomByName" class="App\Adventure\TestRoomHandler" classname="App.Adventure.TestRoomHandler" file="/Users/kristoffer/dbwebb-kurser/mvc/me/report/tests/Adventure/RoomHandlerTest.php" line="64" assertions="1" time="0.000184"/>
        <testcase name="testGetRoomByNameException" class="App\Adventure\TestRoomHandler" classname="App.Adventure.TestRoomHandler" file="/Users/kristoffer/dbwebb-kurser/mvc/me/report/tests/Adventure/RoomHandlerTest.php" line="79" assertions="1" time="0.000516"/>
        <testcase name="testGetNext" class="App\Adventure\TestRoomHandler" classname="App.Adventure.TestRoomHandler" file="/Users/kristoffer/dbwebb-kurser/mvc/me/report/tests/Adventure/RoomHandlerTest.php" line="89" assertions="1" time="0.000188"/>
        <testcase name="testGetPrevFirst" class="App\Adventure\TestRoomHandler" classname="App.Adventure.TestRoomHandler" file="/Users/kristoffer/dbwebb-kurser/mvc/me/report/tests/Adventure/RoomHandlerTest.php" line="112" assertions="1" time="0.000183"/>
        <testcase name="testGetPrevNotFirst" class="App\Adventure\TestRoomHandler" classname="App.Adventure.TestRoomHandler" file="/Users/kristoffer/dbwebb-kurser/mvc/me/report/tests/Adventure/RoomHandlerTest.php" line="134" assertions="1" time="0.000180"/>
        <testcase name="testGetNextWhenLast" class="App\Adventure\TestRoomHandler" classname="App.Adventure.TestRoomHandler" file="/Users/kristoffer/dbwebb-kurser/mvc/me/report/tests/Adventure/RoomHandlerTest.php" line="156" assertions="1" time="0.000178"/>
      </testsuite>
      <testsuite name="App\Adventure\RoomTest" file="/Users/kristoffer/dbwebb-kurser/mvc/me/report/tests/Adventure/RoomTest.php" tests="3" assertions="3" errors="0" warnings="0" failures="0" skipped="0" time="0.000488">
        <testcase name="testCreateInstance" class="App\Adventure\RoomTest" classname="App.Adventure.RoomTest" file="/Users/kristoffer/dbwebb-kurser/mvc/me/report/tests/Adventure/RoomTest.php" line="12" assertions="1" time="0.000162"/>
        <testcase name="testGetRoomImg" class="App\Adventure\RoomTest" classname="App.Adventure.RoomTest" file="/Users/kristoffer/dbwebb-kurser/mvc/me/report/tests/Adventure/RoomTest.php" line="22" assertions="1" time="0.000159"/>
        <testcase name="testAddGetItems" class="App\Adventure\RoomTest" classname="App.Adventure.RoomTest" file="/Users/kristoffer/dbwebb-kurser/mvc/me/report/tests/Adventure/RoomTest.php" line="32" assertions="1" time="0.000167"/>
      </testsuite>
      <testsuite name="App\Adventure\TestWeapon" file="/Users/kristoffer/dbwebb-kurser/mvc/me/report/tests/Adventure/WeaponTest.php" tests="3" assertions="3" errors="0" warnings="0" failures="0" skipped="0" time="0.000505">
        <testcase name="testWeaponInstance" class="App\Adventure\TestWeapon" classname="App.Adventure.TestWeapon" file="/Users/kristoffer/dbwebb-kurser/mvc/me/report/tests/Adventure/WeaponTest.php" line="12" assertions="1" time="0.000180"/>
        <testcase name="testGetWeaponDmg" class="App\Adventure\TestWeapon" classname="App.Adventure.TestWeapon" file="/Users/kristoffer/dbwebb-kurser/mvc/me/report/tests/Adventure/WeaponTest.php" line="21" assertions="1" time="0.000164"/>
        <testcase name="testWeaponIcon" class="App\Adventure\TestWeapon" classname="App.Adventure.TestWeapon" file="/Users/kristoffer/dbwebb-kurser/mvc/me/report/tests/Adventure/WeaponTest.php" line="31" assertions="1" time="0.000161"/>
      </testsuite>
    </testsuite>
  </testsuite>
</testsuites>
