<?xml version="1.0" encoding="UTF-8"?>
<testsuites>
  <testsuite name="" tests="69" assertions="115" errors="0" warnings="0" failures="0" skipped="0" time="0.042041">
    <testsuite name="Project Test Suite" tests="69" assertions="115" errors="0" warnings="0" failures="0" skipped="0" time="0.042041">
      <testsuite name="App\Adventure\TestBackPack" file="/Users/kristoffer/dbwebb-kurser/mvc/me/report/tests/Adventure/BackPackTest.php" tests="5" assertions="5" errors="0" warnings="0" failures="0" skipped="0" time="0.007090">
        <testcase name="testBackPackInstance" class="App\Adventure\TestBackPack" classname="App.Adventure.TestBackPack" file="/Users/kristoffer/dbwebb-kurser/mvc/me/report/tests/Adventure/BackPackTest.php" line="12" assertions="1" time="0.004553"/>
        <testcase name="testBackPackaddItem" class="App\Adventure\TestBackPack" classname="App.Adventure.TestBackPack" file="/Users/kristoffer/dbwebb-kurser/mvc/me/report/tests/Adventure/BackPackTest.php" line="21" assertions="1" time="0.001130"/>
        <testcase name="testBackPackGetItemByName" class="App\Adventure\TestBackPack" classname="App.Adventure.TestBackPack" file="/Users/kristoffer/dbwebb-kurser/mvc/me/report/tests/Adventure/BackPackTest.php" line="34" assertions="1" time="0.000539"/>
        <testcase name="testBackPackGetItemByMissingName" class="App\Adventure\TestBackPack" classname="App.Adventure.TestBackPack" file="/Users/kristoffer/dbwebb-kurser/mvc/me/report/tests/Adventure/BackPackTest.php" line="47" assertions="1" time="0.000383"/>
        <testcase name="testDropItemNotExists" class="App\Adventure\TestBackPack" classname="App.Adventure.TestBackPack" file="/Users/kristoffer/dbwebb-kurser/mvc/me/report/tests/Adventure/BackPackTest.php" line="58" assertions="1" time="0.000485"/>
      </testsuite>
      <testsuite name="App\Adventure\TestDialogHandler" file="/Users/kristoffer/dbwebb-kurser/mvc/me/report/tests/Adventure/DialogHandlerTest.php" tests="4" assertions="4" errors="0" warnings="0" failures="0" skipped="0" time="0.001472">
        <testcase name="testDialogInstance" class="App\Adventure\TestDialogHandler" classname="App.Adventure.TestDialogHandler" file="/Users/kristoffer/dbwebb-kurser/mvc/me/report/tests/Adventure/DialogHandlerTest.php" line="13" assertions="1" time="0.000670"/>
        <testcase name="testGetDialogByStatus" class="App\Adventure\TestDialogHandler" classname="App.Adventure.TestDialogHandler" file="/Users/kristoffer/dbwebb-kurser/mvc/me/report/tests/Adventure/DialogHandlerTest.php" line="22" assertions="1" time="0.000477"/>
        <testcase name="testGetCurrentItem" class="App\Adventure\TestDialogHandler" classname="App.Adventure.TestDialogHandler" file="/Users/kristoffer/dbwebb-kurser/mvc/me/report/tests/Adventure/DialogHandlerTest.php" line="34" assertions="1" time="0.000166"/>
        <testcase name="testGetCurrentRoom" class="App\Adventure\TestDialogHandler" classname="App.Adventure.TestDialogHandler" file="/Users/kristoffer/dbwebb-kurser/mvc/me/report/tests/Adventure/DialogHandlerTest.php" line="44" assertions="1" time="0.000159"/>
      </testsuite>
      <testsuite name="App\Adventure\TestDragon" file="/Users/kristoffer/dbwebb-kurser/mvc/me/report/tests/Adventure/DragonTest.php" tests="7" assertions="7" errors="0" warnings="0" failures="0" skipped="0" time="0.002336">
        <testcase name="testDragonInstance" class="App\Adventure\TestDragon" classname="App.Adventure.TestDragon" file="/Users/kristoffer/dbwebb-kurser/mvc/me/report/tests/Adventure/DragonTest.php" line="12" assertions="1" time="0.000893"/>
        <testcase name="testDragonHealth" class="App\Adventure\TestDragon" classname="App.Adventure.TestDragon" file="/Users/kristoffer/dbwebb-kurser/mvc/me/report/tests/Adventure/DragonTest.php" line="18" assertions="1" time="0.000170"/>
        <testcase name="testDragonDmg" class="App\Adventure\TestDragon" classname="App.Adventure.TestDragon" file="/Users/kristoffer/dbwebb-kurser/mvc/me/report/tests/Adventure/DragonTest.php" line="24" assertions="1" time="0.000167"/>
        <testcase name="testDragonIsDead" class="App\Adventure\TestDragon" classname="App.Adventure.TestDragon" file="/Users/kristoffer/dbwebb-kurser/mvc/me/report/tests/Adventure/DragonTest.php" line="30" assertions="1" time="0.000420"/>
        <testcase name="testDragonSetDead" class="App\Adventure\TestDragon" classname="App.Adventure.TestDragon" file="/Users/kristoffer/dbwebb-kurser/mvc/me/report/tests/Adventure/DragonTest.php" line="37" assertions="1" time="0.000370"/>
        <testcase name="testDragonGetName" class="App\Adventure\TestDragon" classname="App.Adventure.TestDragon" file="/Users/kristoffer/dbwebb-kurser/mvc/me/report/tests/Adventure/DragonTest.php" line="45" assertions="1" time="0.000160"/>
        <testcase name="testDragonGetAttackPower" class="App\Adventure\TestDragon" classname="App.Adventure.TestDragon" file="/Users/kristoffer/dbwebb-kurser/mvc/me/report/tests/Adventure/DragonTest.php" line="52" assertions="1" time="0.000156"/>
      </testsuite>
      <testsuite name="App\Adventure\TestFood" file="/Users/kristoffer/dbwebb-kurser/mvc/me/report/tests/Adventure/FoodTest.php" tests="3" assertions="3" errors="0" warnings="0" failures="0" skipped="0" time="0.000471">
        <testcase name="testFoodInstance" class="App\Adventure\TestFood" classname="App.Adventure.TestFood" file="/Users/kristoffer/dbwebb-kurser/mvc/me/report/tests/Adventure/FoodTest.php" line="12" assertions="1" time="0.000161"/>
        <testcase name="testGetFoodName" class="App\Adventure\TestFood" classname="App.Adventure.TestFood" file="/Users/kristoffer/dbwebb-kurser/mvc/me/report/tests/Adventure/FoodTest.php" line="18" assertions="1" time="0.000156"/>
        <testcase name="testFoodHelingValue" class="App\Adventure\TestFood" classname="App.Adventure.TestFood" file="/Users/kristoffer/dbwebb-kurser/mvc/me/report/tests/Adventure/FoodTest.php" line="24" assertions="1" time="0.000154"/>
      </testsuite>
      <testsuite name="App\Adventure\TestHuman" file="/Users/kristoffer/dbwebb-kurser/mvc/me/report/tests/Adventure/HumanTest.php" tests="9" assertions="10" errors="0" warnings="0" failures="0" skipped="0" time="0.002678">
        <testcase name="testHumanInstance" class="App\Adventure\TestHuman" classname="App.Adventure.TestHuman" file="/Users/kristoffer/dbwebb-kurser/mvc/me/report/tests/Adventure/HumanTest.php" line="13" assertions="1" time="0.000813"/>
        <testcase name="testHumanEquipBackPack" class="App\Adventure\TestHuman" classname="App.Adventure.TestHuman" file="/Users/kristoffer/dbwebb-kurser/mvc/me/report/tests/Adventure/HumanTest.php" line="22" assertions="1" time="0.000176"/>
        <testcase name="testaddItemToBackPack" class="App\Adventure\TestHuman" classname="App.Adventure.TestHuman" file="/Users/kristoffer/dbwebb-kurser/mvc/me/report/tests/Adventure/HumanTest.php" line="32" assertions="1" time="0.000185"/>
        <testcase name="testaddItemToBackPackFalse" class="App\Adventure\TestHuman" classname="App.Adventure.TestHuman" file="/Users/kristoffer/dbwebb-kurser/mvc/me/report/tests/Adventure/HumanTest.php" line="45" assertions="1" time="0.000170"/>
        <testcase name="testHumanAttackWithWeapon" class="App\Adventure\TestHuman" classname="App.Adventure.TestHuman" file="/Users/kristoffer/dbwebb-kurser/mvc/me/report/tests/Adventure/HumanTest.php" line="56" assertions="1" time="0.000553"/>
        <testcase name="testHumanEatFood" class="App\Adventure\TestHuman" classname="App.Adventure.TestHuman" file="/Users/kristoffer/dbwebb-kurser/mvc/me/report/tests/Adventure/HumanTest.php" line="67" assertions="1" time="0.000221"/>
        <testcase name="testgetWeaponName" class="App\Adventure\TestHuman" classname="App.Adventure.TestHuman" file="/Users/kristoffer/dbwebb-kurser/mvc/me/report/tests/Adventure/HumanTest.php" line="81" assertions="1" time="0.000181"/>
        <testcase name="testgetItemByName" class="App\Adventure\TestHuman" classname="App.Adventure.TestHuman" file="/Users/kristoffer/dbwebb-kurser/mvc/me/report/tests/Adventure/HumanTest.php" line="92" assertions="2" time="0.000191"/>
        <testcase name="testgetItemByNameException" class="App\Adventure\TestHuman" classname="App.Adventure.TestHuman" file="/Users/kristoffer/dbwebb-kurser/mvc/me/report/tests/Adventure/HumanTest.php" line="108" assertions="1" time="0.000188"/>
      </testsuite>
      <testsuite name="App\Adventure\TestItem" file="/Users/kristoffer/dbwebb-kurser/mvc/me/report/tests/Adventure/ItemTest.php" tests="2" assertions="2" errors="0" warnings="0" failures="0" skipped="0" time="0.000330">
        <testcase name="testCreateInstance" class="App\Adventure\TestItem" classname="App.Adventure.TestItem" file="/Users/kristoffer/dbwebb-kurser/mvc/me/report/tests/Adventure/ItemTest.php" line="12" assertions="1" time="0.000165"/>
        <testcase name="testGetNameTitleCase" class="App\Adventure\TestItem" classname="App.Adventure.TestItem" file="/Users/kristoffer/dbwebb-kurser/mvc/me/report/tests/Adventure/ItemTest.php" line="22" assertions="1" time="0.000166"/>
      </testsuite>
      <testsuite name="App\Adventure\TestRoomHandler" file="/Users/kristoffer/dbwebb-kurser/mvc/me/report/tests/Adventure/RoomHandlerTest.php" tests="7" assertions="12" errors="0" warnings="0" failures="0" skipped="0" time="0.002488">
        <testcase name="testInstanceOf" class="App\Adventure\TestRoomHandler" classname="App.Adventure.TestRoomHandler" file="/Users/kristoffer/dbwebb-kurser/mvc/me/report/tests/Adventure/RoomHandlerTest.php" line="13" assertions="1" time="0.000832"/>
        <testcase name="testGetAllRooms" class="App\Adventure\TestRoomHandler" classname="App.Adventure.TestRoomHandler" file="/Users/kristoffer/dbwebb-kurser/mvc/me/report/tests/Adventure/RoomHandlerTest.php" line="22" assertions="2" time="0.000700"/>
        <testcase name="testGetRoomByNameException" class="App\Adventure\TestRoomHandler" classname="App.Adventure.TestRoomHandler" file="/Users/kristoffer/dbwebb-kurser/mvc/me/report/tests/Adventure/RoomHandlerTest.php" line="46" assertions="1" time="0.000183"/>
        <testcase name="testGetNext" class="App\Adventure\TestRoomHandler" classname="App.Adventure.TestRoomHandler" file="/Users/kristoffer/dbwebb-kurser/mvc/me/report/tests/Adventure/RoomHandlerTest.php" line="56" assertions="3" time="0.000214"/>
        <testcase name="testGetPrev" class="App\Adventure\TestRoomHandler" classname="App.Adventure.TestRoomHandler" file="/Users/kristoffer/dbwebb-kurser/mvc/me/report/tests/Adventure/RoomHandlerTest.php" line="85" assertions="3" time="0.000210"/>
        <testcase name="testaddItemToRoom" class="App\Adventure\TestRoomHandler" classname="App.Adventure.TestRoomHandler" file="/Users/kristoffer/dbwebb-kurser/mvc/me/report/tests/Adventure/RoomHandlerTest.php" line="114" assertions="1" time="0.000173"/>
        <testcase name="testaddItemToRoomNotExist" class="App\Adventure\TestRoomHandler" classname="App.Adventure.TestRoomHandler" file="/Users/kristoffer/dbwebb-kurser/mvc/me/report/tests/Adventure/RoomHandlerTest.php" line="130" assertions="1" time="0.000177"/>
      </testsuite>
      <testsuite name="App\Adventure\RoomTest" file="/Users/kristoffer/dbwebb-kurser/mvc/me/report/tests/Adventure/RoomTest.php" tests="3" assertions="3" errors="0" warnings="0" failures="0" skipped="0" time="0.000491">
        <testcase name="testCreateInstance" class="App\Adventure\RoomTest" classname="App.Adventure.RoomTest" file="/Users/kristoffer/dbwebb-kurser/mvc/me/report/tests/Adventure/RoomTest.php" line="12" assertions="1" time="0.000160"/>
        <testcase name="testGetRoomImg" class="App\Adventure\RoomTest" classname="App.Adventure.RoomTest" file="/Users/kristoffer/dbwebb-kurser/mvc/me/report/tests/Adventure/RoomTest.php" line="22" assertions="1" time="0.000163"/>
        <testcase name="testAddGetItems" class="App\Adventure\RoomTest" classname="App.Adventure.RoomTest" file="/Users/kristoffer/dbwebb-kurser/mvc/me/report/tests/Adventure/RoomTest.php" line="32" assertions="1" time="0.000168"/>
      </testsuite>
      <testsuite name="App\Adventure\TestWeapon" file="/Users/kristoffer/dbwebb-kurser/mvc/me/report/tests/Adventure/WeaponTest.php" tests="3" assertions="3" errors="0" warnings="0" failures="0" skipped="0" time="0.000474">
        <testcase name="testWeaponInstance" class="App\Adventure\TestWeapon" classname="App.Adventure.TestWeapon" file="/Users/kristoffer/dbwebb-kurser/mvc/me/report/tests/Adventure/WeaponTest.php" line="12" assertions="1" time="0.000157"/>
        <testcase name="testGetWeaponDmg" class="App\Adventure\TestWeapon" classname="App.Adventure.TestWeapon" file="/Users/kristoffer/dbwebb-kurser/mvc/me/report/tests/Adventure/WeaponTest.php" line="21" assertions="1" time="0.000160"/>
        <testcase name="testWeaponIcon" class="App\Adventure\TestWeapon" classname="App.Adventure.TestWeapon" file="/Users/kristoffer/dbwebb-kurser/mvc/me/report/tests/Adventure/WeaponTest.php" line="32" assertions="1" time="0.000157"/>
      </testsuite>
      <testsuite name="App\Game\CardGraphicTestTest" file="/Users/kristoffer/dbwebb-kurser/mvc/me/report/tests/Card/CardGraphicTest.php" tests="1" assertions="10" errors="0" warnings="0" failures="0" skipped="0" time="0.001791">
        <testcase name="testCreateCardGraphic" class="App\Game\CardGraphicTestTest" classname="App.Game.CardGraphicTestTest" file="/Users/kristoffer/dbwebb-kurser/mvc/me/report/tests/Card/CardGraphicTest.php" line="17" assertions="10" time="0.001791"/>
      </testsuite>
      <testsuite name="App\Card\CardHandTest" file="/Users/kristoffer/dbwebb-kurser/mvc/me/report/tests/Card/CardHandTest.php" tests="1" assertions="3" errors="0" warnings="0" failures="0" skipped="0" time="0.009307">
        <testcase name="testCreateHand" class="App\Card\CardHandTest" classname="App.Card.CardHandTest" file="/Users/kristoffer/dbwebb-kurser/mvc/me/report/tests/Card/CardHandTest.php" line="15" assertions="3" time="0.009307"/>
      </testsuite>
      <testsuite name="App\Card\CardTest" file="/Users/kristoffer/dbwebb-kurser/mvc/me/report/tests/Card/CardTest.php" tests="2" assertions="6" errors="0" warnings="0" failures="0" skipped="0" time="0.001029">
        <testcase name="testCreateCardValidArgs" class="App\Card\CardTest" classname="App.Card.CardTest" file="/Users/kristoffer/dbwebb-kurser/mvc/me/report/tests/Card/CardTest.php" line="17" assertions="5" time="0.000186"/>
        <testcase name="testCreateCardInvalidArgs" class="App\Card\CardTest" classname="App.Card.CardTest" file="/Users/kristoffer/dbwebb-kurser/mvc/me/report/tests/Card/CardTest.php" line="28" assertions="1" time="0.000843"/>
      </testsuite>
      <testsuite name="App\Card\DeckOfCardsTest" file="/Users/kristoffer/dbwebb-kurser/mvc/me/report/tests/Card/DeckOfCardsTest.php" tests="2" assertions="8" errors="0" warnings="0" failures="0" skipped="0" time="0.001625">
        <testcase name="testCreateDeck" class="App\Card\DeckOfCardsTest" classname="App.Card.DeckOfCardsTest" file="/Users/kristoffer/dbwebb-kurser/mvc/me/report/tests/Card/DeckOfCardsTest.php" line="15" assertions="5" time="0.001060"/>
        <testcase name="testGetArrayOfCardsPresentation" class="App\Card\DeckOfCardsTest" classname="App.Card.DeckOfCardsTest" file="/Users/kristoffer/dbwebb-kurser/mvc/me/report/tests/Card/DeckOfCardsTest.php" line="35" assertions="3" time="0.000565"/>
      </testsuite>
      <testsuite name="App\Dice\DiceGraphicTest" file="/Users/kristoffer/dbwebb-kurser/mvc/me/report/tests/Dice/DiceGraphicTest.php" tests="2" assertions="2" errors="0" warnings="0" failures="0" skipped="0" time="0.001065">
        <testcase name="testDiceGraphicConstructor" class="App\Dice\DiceGraphicTest" classname="App.Dice.DiceGraphicTest" file="/Users/kristoffer/dbwebb-kurser/mvc/me/report/tests/Dice/DiceGraphicTest.php" line="14" assertions="1" time="0.000887"/>
        <testcase name="testGetAsString" class="App\Dice\DiceGraphicTest" classname="App.Dice.DiceGraphicTest" file="/Users/kristoffer/dbwebb-kurser/mvc/me/report/tests/Dice/DiceGraphicTest.php" line="26" assertions="1" time="0.000178"/>
      </testsuite>
      <testsuite name="App\Dice\DiceHandTest" file="/Users/kristoffer/dbwebb-kurser/mvc/me/report/tests/Dice/DiceHandTest.php" tests="4" assertions="6" errors="0" warnings="0" failures="0" skipped="0" time="0.001739">
        <testcase name="testDiceHandConstructor" class="App\Dice\DiceHandTest" classname="App.Dice.DiceHandTest" file="/Users/kristoffer/dbwebb-kurser/mvc/me/report/tests/Dice/DiceHandTest.php" line="14" assertions="1" time="0.000600"/>
        <testcase name="testDiceRoll" class="App\Dice\DiceHandTest" classname="App.Dice.DiceHandTest" file="/Users/kristoffer/dbwebb-kurser/mvc/me/report/tests/Dice/DiceHandTest.php" line="28" assertions="1" time="0.000665"/>
        <testcase name="testgetstring" class="App\Dice\DiceHandTest" classname="App.Dice.DiceHandTest" file="/Users/kristoffer/dbwebb-kurser/mvc/me/report/tests/Dice/DiceHandTest.php" line="46" assertions="1" time="0.000283"/>
        <testcase name="testDiceHandValues" class="App\Dice\DiceHandTest" classname="App.Dice.DiceHandTest" file="/Users/kristoffer/dbwebb-kurser/mvc/me/report/tests/Dice/DiceHandTest.php" line="64" assertions="3" time="0.000191"/>
      </testsuite>
      <testsuite name="App\Dice\DiceTest" file="/Users/kristoffer/dbwebb-kurser/mvc/me/report/tests/Dice/DiceTest.php" tests="2" assertions="3" errors="0" warnings="0" failures="0" skipped="0" time="0.001275">
        <testcase name="testCreateDice" class="App\Dice\DiceTest" classname="App.Dice.DiceTest" file="/Users/kristoffer/dbwebb-kurser/mvc/me/report/tests/Dice/DiceTest.php" line="16" assertions="2" time="0.001115"/>
        <testcase name="testRoll" class="App\Dice\DiceTest" classname="App.Dice.DiceTest" file="/Users/kristoffer/dbwebb-kurser/mvc/me/report/tests/Dice/DiceTest.php" line="25" assertions="1" time="0.000160"/>
      </testsuite>
      <testsuite name="App\Game\BankTest" file="/Users/kristoffer/dbwebb-kurser/mvc/me/report/tests/Game/BankTest.php" tests="2" assertions="6" errors="0" warnings="0" failures="0" skipped="0" time="0.002481">
        <testcase name="testCreateObjectNoArgs" class="App\Game\BankTest" classname="App.Game.BankTest" file="/Users/kristoffer/dbwebb-kurser/mvc/me/report/tests/Game/BankTest.php" line="19" assertions="4" time="0.001009"/>
        <testcase name="testBankDrawCard" class="App\Game\BankTest" classname="App.Game.BankTest" file="/Users/kristoffer/dbwebb-kurser/mvc/me/report/tests/Game/BankTest.php" line="38" assertions="2" time="0.001472"/>
      </testsuite>
      <testsuite name="App\Game\GameMasterTest" file="/Users/kristoffer/dbwebb-kurser/mvc/me/report/tests/Game/GameMasterTest.php" tests="4" assertions="12" errors="0" warnings="0" failures="0" skipped="0" time="0.002575">
        <testcase name="testCreateGameMaster" class="App\Game\GameMasterTest" classname="App.Game.GameMasterTest" file="/Users/kristoffer/dbwebb-kurser/mvc/me/report/tests/Game/GameMasterTest.php" line="19" assertions="5" time="0.001563"/>
        <testcase name="testGameMasterQueue" class="App\Game\GameMasterTest" classname="App.Game.GameMasterTest" file="/Users/kristoffer/dbwebb-kurser/mvc/me/report/tests/Game/GameMasterTest.php" line="38" assertions="3" time="0.000269"/>
        <testcase name="testGameMasterWinnerMultipayer" class="App\Game\GameMasterTest" classname="App.Game.GameMasterTest" file="/Users/kristoffer/dbwebb-kurser/mvc/me/report/tests/Game/GameMasterTest.php" line="53" assertions="3" time="0.000465"/>
        <testcase name="testGameWasterWinnerSingleplayer" class="App\Game\GameMasterTest" classname="App.Game.GameMasterTest" file="/Users/kristoffer/dbwebb-kurser/mvc/me/report/tests/Game/GameMasterTest.php" line="80" assertions="1" time="0.000278"/>
      </testsuite>
      <testsuite name="App\Game\PlayerTest" file="/Users/kristoffer/dbwebb-kurser/mvc/me/report/tests/Game/PlayerTest.php" tests="6" assertions="10" errors="0" warnings="0" failures="0" skipped="0" time="0.001324">
        <testcase name="testCreatePlayerNoArgs" class="App\Game\PlayerTest" classname="App.Game.PlayerTest" file="/Users/kristoffer/dbwebb-kurser/mvc/me/report/tests/Game/PlayerTest.php" line="19" assertions="4" time="0.000183"/>
        <testcase name="testPlayerSetStop" class="App\Game\PlayerTest" classname="App.Game.PlayerTest" file="/Users/kristoffer/dbwebb-kurser/mvc/me/report/tests/Game/PlayerTest.php" line="40" assertions="1" time="0.000171"/>
        <testcase name="testPlayerPointsIsInt" class="App\Game\PlayerTest" classname="App.Game.PlayerTest" file="/Users/kristoffer/dbwebb-kurser/mvc/me/report/tests/Game/PlayerTest.php" line="53" assertions="1" time="0.000165"/>
        <testcase name="testPlayerDrawAddCard" class="App\Game\PlayerTest" classname="App.Game.PlayerTest" file="/Users/kristoffer/dbwebb-kurser/mvc/me/report/tests/Game/PlayerTest.php" line="63" assertions="2" time="0.000305"/>
        <testcase name="testShowSymbolsInHand" class="App\Game\PlayerTest" classname="App.Game.PlayerTest" file="/Users/kristoffer/dbwebb-kurser/mvc/me/report/tests/Game/PlayerTest.php" line="85" assertions="1" time="0.000232"/>
        <testcase name="testPlayerRepresentation" class="App\Game\PlayerTest" classname="App.Game.PlayerTest" file="/Users/kristoffer/dbwebb-kurser/mvc/me/report/tests/Game/PlayerTest.php" line="99" assertions="1" time="0.000267"/>
      </testsuite>
    </testsuite>
  </testsuite>
</testsuites>
