<?xml version="1.0" encoding="UTF-8"?>
<testsuites>
  <testsuite name="" tests="70" assertions="111" errors="0" warnings="0" failures="0" skipped="0" time="0.286744">
    <testsuite name="Project Test Suite" tests="70" assertions="111" errors="0" warnings="0" failures="0" skipped="0" time="0.286744">
      <testsuite name="App\Adventure\TestBackPack" file="/Users/kristoffer/dbwebb-kurser/mvc/me/report/tests/Adventure/BackPackTest.php" tests="4" assertions="4" errors="0" warnings="0" failures="0" skipped="0" time="0.007116">
        <testcase name="testBackPackInstance" class="App\Adventure\TestBackPack" classname="App.Adventure.TestBackPack" file="/Users/kristoffer/dbwebb-kurser/mvc/me/report/tests/Adventure/BackPackTest.php" line="12" assertions="1" time="0.004971"/>
        <testcase name="testBackPackaddItem" class="App\Adventure\TestBackPack" classname="App.Adventure.TestBackPack" file="/Users/kristoffer/dbwebb-kurser/mvc/me/report/tests/Adventure/BackPackTest.php" line="21" assertions="1" time="0.001160"/>
        <testcase name="testBackPackGetItemByName" class="App\Adventure\TestBackPack" classname="App.Adventure.TestBackPack" file="/Users/kristoffer/dbwebb-kurser/mvc/me/report/tests/Adventure/BackPackTest.php" line="34" assertions="1" time="0.000588"/>
        <testcase name="testBackPackGetItemByMissingName" class="App\Adventure\TestBackPack" classname="App.Adventure.TestBackPack" file="/Users/kristoffer/dbwebb-kurser/mvc/me/report/tests/Adventure/BackPackTest.php" line="47" assertions="1" time="0.000398"/>
      </testsuite>
      <testsuite name="App\Adventure\TestDialogHandler" file="/Users/kristoffer/dbwebb-kurser/mvc/me/report/tests/Adventure/DialogHandlerTest.php" tests="4" assertions="4" errors="0" warnings="0" failures="0" skipped="0" time="0.001423">
        <testcase name="testDialogInstance" class="App\Adventure\TestDialogHandler" classname="App.Adventure.TestDialogHandler" file="/Users/kristoffer/dbwebb-kurser/mvc/me/report/tests/Adventure/DialogHandlerTest.php" line="13" assertions="1" time="0.000587"/>
        <testcase name="testGetDialogByStatus" class="App\Adventure\TestDialogHandler" classname="App.Adventure.TestDialogHandler" file="/Users/kristoffer/dbwebb-kurser/mvc/me/report/tests/Adventure/DialogHandlerTest.php" line="22" assertions="1" time="0.000505"/>
        <testcase name="testGetCurrentItem" class="App\Adventure\TestDialogHandler" classname="App.Adventure.TestDialogHandler" file="/Users/kristoffer/dbwebb-kurser/mvc/me/report/tests/Adventure/DialogHandlerTest.php" line="34" assertions="1" time="0.000169"/>
        <testcase name="testGetCurrentRoom" class="App\Adventure\TestDialogHandler" classname="App.Adventure.TestDialogHandler" file="/Users/kristoffer/dbwebb-kurser/mvc/me/report/tests/Adventure/DialogHandlerTest.php" line="44" assertions="1" time="0.000162"/>
      </testsuite>
      <testsuite name="App\Adventure\TestDragon" file="/Users/kristoffer/dbwebb-kurser/mvc/me/report/tests/Adventure/DragonTest.php" tests="7" assertions="7" errors="0" warnings="0" failures="0" skipped="0" time="0.002299">
        <testcase name="testDragonInstance" class="App\Adventure\TestDragon" classname="App.Adventure.TestDragon" file="/Users/kristoffer/dbwebb-kurser/mvc/me/report/tests/Adventure/DragonTest.php" line="12" assertions="1" time="0.000773"/>
        <testcase name="testDragonHealth" class="App\Adventure\TestDragon" classname="App.Adventure.TestDragon" file="/Users/kristoffer/dbwebb-kurser/mvc/me/report/tests/Adventure/DragonTest.php" line="18" assertions="1" time="0.000183"/>
        <testcase name="testDragonDmg" class="App\Adventure\TestDragon" classname="App.Adventure.TestDragon" file="/Users/kristoffer/dbwebb-kurser/mvc/me/report/tests/Adventure/DragonTest.php" line="24" assertions="1" time="0.000172"/>
        <testcase name="testDragonIsDead" class="App\Adventure\TestDragon" classname="App.Adventure.TestDragon" file="/Users/kristoffer/dbwebb-kurser/mvc/me/report/tests/Adventure/DragonTest.php" line="30" assertions="1" time="0.000462"/>
        <testcase name="testDragonSetDead" class="App\Adventure\TestDragon" classname="App.Adventure.TestDragon" file="/Users/kristoffer/dbwebb-kurser/mvc/me/report/tests/Adventure/DragonTest.php" line="37" assertions="1" time="0.000390"/>
        <testcase name="testDragonGetName" class="App\Adventure\TestDragon" classname="App.Adventure.TestDragon" file="/Users/kristoffer/dbwebb-kurser/mvc/me/report/tests/Adventure/DragonTest.php" line="45" assertions="1" time="0.000162"/>
        <testcase name="testDragonGetAttackPower" class="App\Adventure\TestDragon" classname="App.Adventure.TestDragon" file="/Users/kristoffer/dbwebb-kurser/mvc/me/report/tests/Adventure/DragonTest.php" line="52" assertions="1" time="0.000157"/>
      </testsuite>
      <testsuite name="App\Adventure\TestFood" file="/Users/kristoffer/dbwebb-kurser/mvc/me/report/tests/Adventure/FoodTest.php" tests="3" assertions="3" errors="0" warnings="0" failures="0" skipped="0" time="0.000477">
        <testcase name="testFoodInstance" class="App\Adventure\TestFood" classname="App.Adventure.TestFood" file="/Users/kristoffer/dbwebb-kurser/mvc/me/report/tests/Adventure/FoodTest.php" line="12" assertions="1" time="0.000163"/>
        <testcase name="testGetFoodName" class="App\Adventure\TestFood" classname="App.Adventure.TestFood" file="/Users/kristoffer/dbwebb-kurser/mvc/me/report/tests/Adventure/FoodTest.php" line="18" assertions="1" time="0.000159"/>
        <testcase name="testFoodHelingValue" class="App\Adventure\TestFood" classname="App.Adventure.TestFood" file="/Users/kristoffer/dbwebb-kurser/mvc/me/report/tests/Adventure/FoodTest.php" line="24" assertions="1" time="0.000154"/>
      </testsuite>
      <testsuite name="App\Adventure\TestHuman" file="/Users/kristoffer/dbwebb-kurser/mvc/me/report/tests/Adventure/HumanTest.php" tests="9" assertions="10" errors="0" warnings="0" failures="0" skipped="0" time="0.003179">
        <testcase name="testHumanInstance" class="App\Adventure\TestHuman" classname="App.Adventure.TestHuman" file="/Users/kristoffer/dbwebb-kurser/mvc/me/report/tests/Adventure/HumanTest.php" line="13" assertions="1" time="0.000816"/>
        <testcase name="testHumanEquipBackPack" class="App\Adventure\TestHuman" classname="App.Adventure.TestHuman" file="/Users/kristoffer/dbwebb-kurser/mvc/me/report/tests/Adventure/HumanTest.php" line="22" assertions="1" time="0.000178"/>
        <testcase name="testaddItemToBackPack" class="App\Adventure\TestHuman" classname="App.Adventure.TestHuman" file="/Users/kristoffer/dbwebb-kurser/mvc/me/report/tests/Adventure/HumanTest.php" line="32" assertions="1" time="0.000183"/>
        <testcase name="testaddItemToBackPackFalse" class="App\Adventure\TestHuman" classname="App.Adventure.TestHuman" file="/Users/kristoffer/dbwebb-kurser/mvc/me/report/tests/Adventure/HumanTest.php" line="45" assertions="1" time="0.000169"/>
        <testcase name="testHumanAttackWithWeapon" class="App\Adventure\TestHuman" classname="App.Adventure.TestHuman" file="/Users/kristoffer/dbwebb-kurser/mvc/me/report/tests/Adventure/HumanTest.php" line="56" assertions="1" time="0.000459"/>
        <testcase name="testHumanEatFood" class="App\Adventure\TestHuman" classname="App.Adventure.TestHuman" file="/Users/kristoffer/dbwebb-kurser/mvc/me/report/tests/Adventure/HumanTest.php" line="67" assertions="1" time="0.000332"/>
        <testcase name="testgetWeaponName" class="App\Adventure\TestHuman" classname="App.Adventure.TestHuman" file="/Users/kristoffer/dbwebb-kurser/mvc/me/report/tests/Adventure/HumanTest.php" line="81" assertions="1" time="0.000189"/>
        <testcase name="testgetItemByName" class="App\Adventure\TestHuman" classname="App.Adventure.TestHuman" file="/Users/kristoffer/dbwebb-kurser/mvc/me/report/tests/Adventure/HumanTest.php" line="92" assertions="2" time="0.000201"/>
        <testcase name="testgetItemByNameException" class="App\Adventure\TestHuman" classname="App.Adventure.TestHuman" file="/Users/kristoffer/dbwebb-kurser/mvc/me/report/tests/Adventure/HumanTest.php" line="108" assertions="1" time="0.000653"/>
      </testsuite>
      <testsuite name="App\Adventure\TestItem" file="/Users/kristoffer/dbwebb-kurser/mvc/me/report/tests/Adventure/ItemTest.php" tests="2" assertions="2" errors="0" warnings="0" failures="0" skipped="0" time="0.000320">
        <testcase name="testCreateInstance" class="App\Adventure\TestItem" classname="App.Adventure.TestItem" file="/Users/kristoffer/dbwebb-kurser/mvc/me/report/tests/Adventure/ItemTest.php" line="12" assertions="1" time="0.000163"/>
        <testcase name="testGetNameTitleCase" class="App\Adventure\TestItem" classname="App.Adventure.TestItem" file="/Users/kristoffer/dbwebb-kurser/mvc/me/report/tests/Adventure/ItemTest.php" line="22" assertions="1" time="0.000157"/>
      </testsuite>
      <testsuite name="App\Adventure\TestRoomHandler" file="/Users/kristoffer/dbwebb-kurser/mvc/me/report/tests/Adventure/RoomHandlerTest.php" tests="10" assertions="10" errors="0" warnings="0" failures="0" skipped="0" time="0.003017">
        <testcase name="testInstanceOf" class="App\Adventure\TestRoomHandler" classname="App.Adventure.TestRoomHandler" file="/Users/kristoffer/dbwebb-kurser/mvc/me/report/tests/Adventure/RoomHandlerTest.php" line="13" assertions="1" time="0.000867"/>
        <testcase name="testGetAllRooms" class="App\Adventure\TestRoomHandler" classname="App.Adventure.TestRoomHandler" file="/Users/kristoffer/dbwebb-kurser/mvc/me/report/tests/Adventure/RoomHandlerTest.php" line="22" assertions="1" time="0.000599"/>
        <testcase name="testGetRoomByName" class="App\Adventure\TestRoomHandler" classname="App.Adventure.TestRoomHandler" file="/Users/kristoffer/dbwebb-kurser/mvc/me/report/tests/Adventure/RoomHandlerTest.php" line="67" assertions="1" time="0.000245"/>
        <testcase name="testGetRoomByNameException" class="App\Adventure\TestRoomHandler" classname="App.Adventure.TestRoomHandler" file="/Users/kristoffer/dbwebb-kurser/mvc/me/report/tests/Adventure/RoomHandlerTest.php" line="82" assertions="1" time="0.000188"/>
        <testcase name="testGetNext" class="App\Adventure\TestRoomHandler" classname="App.Adventure.TestRoomHandler" file="/Users/kristoffer/dbwebb-kurser/mvc/me/report/tests/Adventure/RoomHandlerTest.php" line="92" assertions="1" time="0.000200"/>
        <testcase name="testGetPrevFirst" class="App\Adventure\TestRoomHandler" classname="App.Adventure.TestRoomHandler" file="/Users/kristoffer/dbwebb-kurser/mvc/me/report/tests/Adventure/RoomHandlerTest.php" line="116" assertions="1" time="0.000194"/>
        <testcase name="testGetPrevNotFirst" class="App\Adventure\TestRoomHandler" classname="App.Adventure.TestRoomHandler" file="/Users/kristoffer/dbwebb-kurser/mvc/me/report/tests/Adventure/RoomHandlerTest.php" line="139" assertions="1" time="0.000186"/>
        <testcase name="testGetNextWhenLast" class="App\Adventure\TestRoomHandler" classname="App.Adventure.TestRoomHandler" file="/Users/kristoffer/dbwebb-kurser/mvc/me/report/tests/Adventure/RoomHandlerTest.php" line="162" assertions="1" time="0.000182"/>
        <testcase name="testaddItemToRoom" class="App\Adventure\TestRoomHandler" classname="App.Adventure.TestRoomHandler" file="/Users/kristoffer/dbwebb-kurser/mvc/me/report/tests/Adventure/RoomHandlerTest.php" line="185" assertions="1" time="0.000173"/>
        <testcase name="testaddItemToRoomNotExist" class="App\Adventure\TestRoomHandler" classname="App.Adventure.TestRoomHandler" file="/Users/kristoffer/dbwebb-kurser/mvc/me/report/tests/Adventure/RoomHandlerTest.php" line="203" assertions="1" time="0.000184"/>
      </testsuite>
      <testsuite name="App\Adventure\RoomTest" file="/Users/kristoffer/dbwebb-kurser/mvc/me/report/tests/Adventure/RoomTest.php" tests="3" assertions="3" errors="0" warnings="0" failures="0" skipped="0" time="0.000484">
        <testcase name="testCreateInstance" class="App\Adventure\RoomTest" classname="App.Adventure.RoomTest" file="/Users/kristoffer/dbwebb-kurser/mvc/me/report/tests/Adventure/RoomTest.php" line="12" assertions="1" time="0.000157"/>
        <testcase name="testGetRoomImg" class="App\Adventure\RoomTest" classname="App.Adventure.RoomTest" file="/Users/kristoffer/dbwebb-kurser/mvc/me/report/tests/Adventure/RoomTest.php" line="22" assertions="1" time="0.000159"/>
        <testcase name="testAddGetItems" class="App\Adventure\RoomTest" classname="App.Adventure.RoomTest" file="/Users/kristoffer/dbwebb-kurser/mvc/me/report/tests/Adventure/RoomTest.php" line="32" assertions="1" time="0.000169"/>
      </testsuite>
      <testsuite name="App\Adventure\TestWeapon" file="/Users/kristoffer/dbwebb-kurser/mvc/me/report/tests/Adventure/WeaponTest.php" tests="3" assertions="3" errors="0" warnings="0" failures="0" skipped="0" time="0.000479">
        <testcase name="testWeaponInstance" class="App\Adventure\TestWeapon" classname="App.Adventure.TestWeapon" file="/Users/kristoffer/dbwebb-kurser/mvc/me/report/tests/Adventure/WeaponTest.php" line="12" assertions="1" time="0.000164"/>
        <testcase name="testGetWeaponDmg" class="App\Adventure\TestWeapon" classname="App.Adventure.TestWeapon" file="/Users/kristoffer/dbwebb-kurser/mvc/me/report/tests/Adventure/WeaponTest.php" line="21" assertions="1" time="0.000158"/>
        <testcase name="testWeaponIcon" class="App\Adventure\TestWeapon" classname="App.Adventure.TestWeapon" file="/Users/kristoffer/dbwebb-kurser/mvc/me/report/tests/Adventure/WeaponTest.php" line="32" assertions="1" time="0.000158"/>
      </testsuite>
      <testsuite name="App\Game\CardGraphicTestTest" file="/Users/kristoffer/dbwebb-kurser/mvc/me/report/tests/Card/CardGraphicTest.php" tests="1" assertions="10" errors="0" warnings="0" failures="0" skipped="0" time="0.001971">
        <testcase name="testCreateCardGraphic" class="App\Game\CardGraphicTestTest" classname="App.Game.CardGraphicTestTest" file="/Users/kristoffer/dbwebb-kurser/mvc/me/report/tests/Card/CardGraphicTest.php" line="17" assertions="10" time="0.001971"/>
      </testsuite>
      <testsuite name="App\Card\CardHandTest" file="/Users/kristoffer/dbwebb-kurser/mvc/me/report/tests/Card/CardHandTest.php" tests="1" assertions="3" errors="0" warnings="0" failures="0" skipped="0" time="0.010035">
        <testcase name="testCreateHand" class="App\Card\CardHandTest" classname="App.Card.CardHandTest" file="/Users/kristoffer/dbwebb-kurser/mvc/me/report/tests/Card/CardHandTest.php" line="15" assertions="3" time="0.010035"/>
      </testsuite>
      <testsuite name="App\Card\CardTest" file="/Users/kristoffer/dbwebb-kurser/mvc/me/report/tests/Card/CardTest.php" tests="2" assertions="6" errors="0" warnings="0" failures="0" skipped="0" time="0.001094">
        <testcase name="testCreateCardValidArgs" class="App\Card\CardTest" classname="App.Card.CardTest" file="/Users/kristoffer/dbwebb-kurser/mvc/me/report/tests/Card/CardTest.php" line="17" assertions="5" time="0.000191"/>
        <testcase name="testCreateCardInvalidArgs" class="App\Card\CardTest" classname="App.Card.CardTest" file="/Users/kristoffer/dbwebb-kurser/mvc/me/report/tests/Card/CardTest.php" line="28" assertions="1" time="0.000903"/>
      </testsuite>
      <testsuite name="App\Card\DeckOfCardsTest" file="/Users/kristoffer/dbwebb-kurser/mvc/me/report/tests/Card/DeckOfCardsTest.php" tests="2" assertions="8" errors="0" warnings="0" failures="0" skipped="0" time="0.001649">
        <testcase name="testCreateDeck" class="App\Card\DeckOfCardsTest" classname="App.Card.DeckOfCardsTest" file="/Users/kristoffer/dbwebb-kurser/mvc/me/report/tests/Card/DeckOfCardsTest.php" line="15" assertions="5" time="0.001068"/>
        <testcase name="testGetArrayOfCardsPresentation" class="App\Card\DeckOfCardsTest" classname="App.Card.DeckOfCardsTest" file="/Users/kristoffer/dbwebb-kurser/mvc/me/report/tests/Card/DeckOfCardsTest.php" line="35" assertions="3" time="0.000580"/>
      </testsuite>
      <testsuite name="App\Tests\Controller\TwigAdventureTest" file="/Users/kristoffer/dbwebb-kurser/mvc/me/report/tests/Controller/TwigAdventureTest.php" tests="1" assertions="1" errors="0" warnings="0" failures="0" skipped="0" time="0.242951">
        <testcase name="testSomething" class="App\Tests\Controller\TwigAdventureTest" classname="App.Tests.Controller.TwigAdventureTest" file="/Users/kristoffer/dbwebb-kurser/mvc/me/report/tests/Controller/TwigAdventureTest.php" line="9" assertions="1" time="0.242951"/>
      </testsuite>
      <testsuite name="App\Dice\DiceGraphicTest" file="/Users/kristoffer/dbwebb-kurser/mvc/me/report/tests/Dice/DiceGraphicTest.php" tests="2" assertions="2" errors="0" warnings="0" failures="0" skipped="0" time="0.001173">
        <testcase name="testDiceGraphicConstructor" class="App\Dice\DiceGraphicTest" classname="App.Dice.DiceGraphicTest" file="/Users/kristoffer/dbwebb-kurser/mvc/me/report/tests/Dice/DiceGraphicTest.php" line="14" assertions="1" time="0.000988"/>
        <testcase name="testGetAsString" class="App\Dice\DiceGraphicTest" classname="App.Dice.DiceGraphicTest" file="/Users/kristoffer/dbwebb-kurser/mvc/me/report/tests/Dice/DiceGraphicTest.php" line="26" assertions="1" time="0.000185"/>
      </testsuite>
      <testsuite name="App\Dice\DiceHandTest" file="/Users/kristoffer/dbwebb-kurser/mvc/me/report/tests/Dice/DiceHandTest.php" tests="2" assertions="4" errors="0" warnings="0" failures="0" skipped="0" time="0.000818">
        <testcase name="testDiceHandConstructor" class="App\Dice\DiceHandTest" classname="App.Dice.DiceHandTest" file="/Users/kristoffer/dbwebb-kurser/mvc/me/report/tests/Dice/DiceHandTest.php" line="14" assertions="1" time="0.000616"/>
        <testcase name="testDiceHandValues" class="App\Dice\DiceHandTest" classname="App.Dice.DiceHandTest" file="/Users/kristoffer/dbwebb-kurser/mvc/me/report/tests/Dice/DiceHandTest.php" line="28" assertions="3" time="0.000203"/>
      </testsuite>
      <testsuite name="App\Dice\DiceTest" file="/Users/kristoffer/dbwebb-kurser/mvc/me/report/tests/Dice/DiceTest.php" tests="2" assertions="3" errors="0" warnings="0" failures="0" skipped="0" time="0.001440">
        <testcase name="testCreateDice" class="App\Dice\DiceTest" classname="App.Dice.DiceTest" file="/Users/kristoffer/dbwebb-kurser/mvc/me/report/tests/Dice/DiceTest.php" line="16" assertions="2" time="0.001274"/>
        <testcase name="testRoll" class="App\Dice\DiceTest" classname="App.Dice.DiceTest" file="/Users/kristoffer/dbwebb-kurser/mvc/me/report/tests/Dice/DiceTest.php" line="25" assertions="1" time="0.000166"/>
      </testsuite>
      <testsuite name="App\Game\BankTest" file="/Users/kristoffer/dbwebb-kurser/mvc/me/report/tests/Game/BankTest.php" tests="2" assertions="6" errors="0" warnings="0" failures="0" skipped="0" time="0.002787">
        <testcase name="testCreateObjectNoArgs" class="App\Game\BankTest" classname="App.Game.BankTest" file="/Users/kristoffer/dbwebb-kurser/mvc/me/report/tests/Game/BankTest.php" line="19" assertions="4" time="0.001078"/>
        <testcase name="testBankDrawCard" class="App\Game\BankTest" classname="App.Game.BankTest" file="/Users/kristoffer/dbwebb-kurser/mvc/me/report/tests/Game/BankTest.php" line="38" assertions="2" time="0.001709"/>
      </testsuite>
      <testsuite name="App\Game\GameMasterTest" file="/Users/kristoffer/dbwebb-kurser/mvc/me/report/tests/Game/GameMasterTest.php" tests="4" assertions="12" errors="0" warnings="0" failures="0" skipped="0" time="0.002724">
        <testcase name="testCreateGameMaster" class="App\Game\GameMasterTest" classname="App.Game.GameMasterTest" file="/Users/kristoffer/dbwebb-kurser/mvc/me/report/tests/Game/GameMasterTest.php" line="19" assertions="5" time="0.001657"/>
        <testcase name="testGameMasterQueue" class="App\Game\GameMasterTest" classname="App.Game.GameMasterTest" file="/Users/kristoffer/dbwebb-kurser/mvc/me/report/tests/Game/GameMasterTest.php" line="38" assertions="3" time="0.000293"/>
        <testcase name="testGameMasterWinnerMultipayer" class="App\Game\GameMasterTest" classname="App.Game.GameMasterTest" file="/Users/kristoffer/dbwebb-kurser/mvc/me/report/tests/Game/GameMasterTest.php" line="53" assertions="3" time="0.000491"/>
        <testcase name="testGameWasterWinnerSingleplayer" class="App\Game\GameMasterTest" classname="App.Game.GameMasterTest" file="/Users/kristoffer/dbwebb-kurser/mvc/me/report/tests/Game/GameMasterTest.php" line="80" assertions="1" time="0.000283"/>
      </testsuite>
      <testsuite name="App\Game\PlayerTest" file="/Users/kristoffer/dbwebb-kurser/mvc/me/report/tests/Game/PlayerTest.php" tests="6" assertions="10" errors="0" warnings="0" failures="0" skipped="0" time="0.001309">
        <testcase name="testCreatePlayerNoArgs" class="App\Game\PlayerTest" classname="App.Game.PlayerTest" file="/Users/kristoffer/dbwebb-kurser/mvc/me/report/tests/Game/PlayerTest.php" line="19" assertions="4" time="0.000185"/>
        <testcase name="testPlayerSetStop" class="App\Game\PlayerTest" classname="App.Game.PlayerTest" file="/Users/kristoffer/dbwebb-kurser/mvc/me/report/tests/Game/PlayerTest.php" line="40" assertions="1" time="0.000169"/>
        <testcase name="testPlayerPointsIsInt" class="App\Game\PlayerTest" classname="App.Game.PlayerTest" file="/Users/kristoffer/dbwebb-kurser/mvc/me/report/tests/Game/PlayerTest.php" line="53" assertions="1" time="0.000166"/>
        <testcase name="testPlayerDrawAddCard" class="App\Game\PlayerTest" classname="App.Game.PlayerTest" file="/Users/kristoffer/dbwebb-kurser/mvc/me/report/tests/Game/PlayerTest.php" line="63" assertions="2" time="0.000315"/>
        <testcase name="testShowSymbolsInHand" class="App\Game\PlayerTest" classname="App.Game.PlayerTest" file="/Users/kristoffer/dbwebb-kurser/mvc/me/report/tests/Game/PlayerTest.php" line="85" assertions="1" time="0.000221"/>
        <testcase name="testPlayerRepresentation" class="App\Game\PlayerTest" classname="App.Game.PlayerTest" file="/Users/kristoffer/dbwebb-kurser/mvc/me/report/tests/Game/PlayerTest.php" line="99" assertions="1" time="0.000252"/>
      </testsuite>
    </testsuite>
  </testsuite>
</testsuites>
